MCS-51 MACRO ASSEMBLER    PG2                                                                       11/27/:4   PAGE    1


DOS 7.10 (038-N) MCS-51 MACRO ASSEMBLER, V2.2
OBJECT MODULE PLACED IN PG2.OBJ
ASSEMBLER INVOKED BY:  E:\BACKUP\STUDENTS\BATCH21\ASM51.EXE PG2.A51
                       

LOC  OBJ            LINE     SOURCE

                       1     ;*******************************PROGRAM OBJECTIVE******************************
                       2     ;GENERATE THE BINARY PATERN IN INCREASING/ DECREASING ORDER WHEN THE USER PRESSES
                       3     ;THE BUTTONS AT P2.2/ P2.3. THE LEDs ARE CONNECTED AT PORT1. SET THE COUNTING
                       4     ;SPEED OF 2 COUNTS PER SECOND.
                       5     
0000                   6     org 00h
                       7     INCREASE:
0000 20A30A            8             JB P2.3,DECREASE
0003 F4                9             CPL A
0004 F590             10             MOV P1,A
0006 F4               11             CPL A
0007 04               12             INC A
0008 12001A           13             CALL DELAY
000B 80F3             14             JMP INCREASE
                      15     decrease:
000D 20A2F0           16             JB P2.2,INCREASE
0010 F4               17             CPL A
0011 F590             18             MOV P1,A
0013 F4               19             CPL A
0014 14               20             DEC A
0015 12001A           21             CALL DELAY
0018 80F3             22             JMP DECREASE
                      23     DELAY:
001A 7901             24             mov R1,#1
                      25     Y:
001C 7AC8             26             mov R2,#200
                      27     X:
001E 7BFA             28             mov R3,#250
0020 DBFE             29             djnz R3,$
0022 DAFA             30             djnz R2,X
0024 D9F6             31             djnz R1,Y
0026 22               32     ret
                      33     end
MCS-51 MACRO ASSEMBLER    PG2                                                                       11/27/:4   PAGE    2


SYMBOL TABLE LISTING
------ ----- -------


N A M E     T Y P E   V A L U E       A T T R I B U T E S

DECREASE .  C ADDR    000DH   A       
DELAY. . .  C ADDR    001AH   A       
INCREASE .  C ADDR    0000H   A       
P1 . . . .  D ADDR    0090H   A       
P2 . . . .  D ADDR    00A0H   A       
X. . . . .  C ADDR    001EH   A       
Y. . . . .  C ADDR    001CH   A       


REGISTER BANK(S) USED: 0

ASSEMBLY COMPLETE, NO ERRORS FOUND
